2020-10-08 07:43:04,658 [main] INFO NopCommerce7 - ********Acess URL********
2020-10-08 07:43:04,882 [main] INFO NopCommerce7 - ********Type Username********
2020-10-08 07:43:04,999 [main] INFO NopCommerce7 - ********Type Password********
2020-10-08 07:43:16,755 [main] INFO NopCommerce7 - ********Click Log In********
2020-10-08 07:43:16,774 [main] INFO NopCommerce7 - ********Page Change********
2020-10-08 07:43:17,008 [main] INFO NopCommerce7 - ********Click catalog********
2020-10-08 07:43:20,861 [main] INFO NopCommerce7 - ********Click Category********
2020-10-08 07:43:20,873 [main] INFO NopCommerce7 - ********Page Change********
2020-10-08 07:43:36,423 [main] INFO NopCommerce7 - ********Click Add New Button********
2020-10-08 07:43:36,431 [main] INFO NopCommerce7 - ********Page Change********
2020-10-08 07:43:42,659 [main] INFO NopCommerce7 - ********Save Category********
2020-10-08 07:43:42,667 [main] INFO NopCommerce7 - ********Page Change********
2020-10-08 07:43:42,730 [main] INFO NopCommerce7 - ********Check Success Message********
2020-10-08 07:43:43,149 [main] INFO NopCommerce7 - ********Search Category********
2020-10-08 07:43:43,783 [main] INFO NopCommerce7 - ********Match Category********
2020-10-08 08:06:08,127 [main] INFO NopCommerce7 - ********Acess URL********
2020-10-08 08:06:08,440 [main] INFO NopCommerce7 - ********Type Username********
2020-10-08 08:06:08,674 [main] INFO NopCommerce7 - ********Type Password********
2020-10-08 08:06:17,589 [main] INFO NopCommerce7 - ********Click Log In********
2020-10-08 08:06:17,608 [main] INFO NopCommerce7 - ********Page Change********
2020-10-08 08:06:17,685 [main] INFO NopCommerce7 - ********Click catalog********
2020-10-08 08:06:26,565 [main] INFO NopCommerce7 - ********Click Category********
2020-10-08 08:06:26,577 [main] INFO NopCommerce7 - ********Page Change********
2020-10-08 08:06:30,266 [main] INFO NopCommerce7 - ********Click Add New Button********
2020-10-08 08:06:30,274 [main] INFO NopCommerce7 - ********Page Change********
2020-10-08 08:06:44,369 [main] INFO NopCommerce7 - ********Save Category********
2020-10-08 08:06:44,387 [main] INFO NopCommerce7 - ********Page Change********
2020-10-08 08:06:44,478 [main] INFO NopCommerce7 - ********Check Success Message********
2020-10-08 08:06:45,049 [main] INFO NopCommerce7 - ********Search Category********
2020-10-08 08:06:47,621 [main] INFO NopCommerce7 - ********Match Category********
2020-10-08 08:18:23,424 [main] INFO NopCommerce7 - ********Acess URL********
2020-10-08 08:18:23,706 [main] INFO NopCommerce7 - ********Type Username********
2020-10-08 08:18:23,923 [main] INFO NopCommerce7 - ********Type Password********
2020-10-08 08:18:31,695 [main] INFO NopCommerce7 - ********Click Log In********
2020-10-08 08:18:31,716 [main] INFO NopCommerce7 - ********Page Change********
2020-10-08 08:18:31,784 [main] INFO NopCommerce7 - ********Click catalog********
2020-10-08 08:18:34,784 [main] INFO NopCommerce7 - ********Click Category********
2020-10-08 08:18:34,795 [main] INFO NopCommerce7 - ********Page Change********
2020-10-08 08:18:50,976 [main] INFO NopCommerce7 - ********Click Add New Button********
2020-10-08 08:18:50,984 [main] INFO NopCommerce7 - ********Page Change********
2020-10-08 08:19:02,095 [main] INFO NopCommerce7 - ********Save Category********
2020-10-08 08:19:02,106 [main] INFO NopCommerce7 - ********Page Change********
2020-10-08 08:19:02,175 [main] INFO NopCommerce7 - ********Check Success Message********
2020-10-08 08:19:02,445 [main] INFO NopCommerce7 - ********Search Category********
2020-10-08 08:19:03,116 [main] INFO NopCommerce7 - ********Match Category********
2020-10-08 08:21:53,500 [main] INFO NopCommerce7 - ********Acess URL********
2020-10-08 08:21:53,875 [main] INFO NopCommerce7 - ********Type Username********
2020-10-08 08:21:54,104 [main] INFO NopCommerce7 - ********Type Password********
2020-10-08 08:22:01,472 [main] INFO NopCommerce7 - ********Click Log In********
2020-10-08 08:22:01,497 [main] INFO NopCommerce7 - ********Page Change********
2020-10-08 08:22:01,746 [main] INFO NopCommerce7 - ********Click catalog********
2020-10-08 08:22:04,851 [main] INFO NopCommerce7 - ********Click Category********
2020-10-08 08:22:04,875 [main] INFO NopCommerce7 - ********Page Change********
2020-10-08 08:22:08,585 [main] INFO NopCommerce7 - ********Click Add New Button********
2020-10-08 08:22:08,612 [main] INFO NopCommerce7 - ********Page Change********
2020-10-08 08:22:15,413 [main] INFO NopCommerce7 - ********Save Category********
2020-10-08 08:22:15,424 [main] INFO NopCommerce7 - ********Page Change********
2020-10-08 08:22:15,481 [main] INFO NopCommerce7 - ********Check Success Message********
2020-10-08 08:22:15,889 [main] INFO NopCommerce7 - ********Search Category********
2020-10-08 08:22:16,833 [main] INFO NopCommerce7 - ********Match Category********
2020-10-08 08:25:04,012 [main] INFO NopCommerce7 - ********Acess URL********
2020-10-08 08:25:04,236 [main] INFO NopCommerce7 - ********Type Username********
2020-10-08 08:25:04,351 [main] INFO NopCommerce7 - ********Type Password********
2020-10-08 08:25:12,065 [main] INFO NopCommerce7 - ********Click Log In********
2020-10-08 08:25:12,080 [main] INFO NopCommerce7 - ********Page Change********
2020-10-08 08:25:22,472 [main] INFO NopCommerce7 - ********Acess URL********
2020-10-08 08:25:22,780 [main] INFO NopCommerce7 - ********Type Username********
2020-10-08 08:25:23,084 [main] INFO NopCommerce7 - ********Type Password********
2020-10-08 08:25:31,187 [main] INFO NopCommerce7 - ********Click Log In********
2020-10-08 08:25:31,206 [main] INFO NopCommerce7 - ********Page Change********
2020-10-08 08:25:31,284 [main] INFO NopCommerce7 - ********Click catalog********
2020-10-08 08:25:38,617 [main] INFO NopCommerce7 - ********Click Category********
2020-10-08 08:25:38,630 [main] INFO NopCommerce7 - ********Page Change********
2020-10-08 08:25:43,615 [main] INFO NopCommerce7 - ********Click Add New Button********
2020-10-08 08:25:43,624 [main] INFO NopCommerce7 - ********Page Change********
2020-10-08 08:25:49,213 [main] INFO NopCommerce7 - ********Save Category********
2020-10-08 08:25:49,228 [main] INFO NopCommerce7 - ********Page Change********
2020-10-08 08:25:49,292 [main] INFO NopCommerce7 - ********Check Success Message********
2020-10-08 08:25:49,608 [main] INFO NopCommerce7 - ********Search Category********
2020-10-08 08:25:50,384 [main] INFO NopCommerce7 - ********Match Category********
